<?xml version="1.0" encoding="UTF-8"?>
<!-- Generated by org.testng.reporters.JUnitReportReporter -->
<testsuite hostname="DESKTOP-I03OBAS" failures="0" tests="1" name="com.pod.pages.AddShipmentGetShipmentDetails" time="3.359" errors="0" timestamp="2023-10-10T18:45:55 IST" skipped="0">
  <testcase classname="com.pod.pages.AddShipmentGetShipmentDetails" name="clickGetShipmentDetails" time="3.359"/>
  <system-out/>
</testsuite> <!-- com.pod.pages.AddShipmentGetShipmentDetails -->
