<?xml version="1.0" encoding="UTF-8"?>
<!-- Generated by org.testng.reporters.JUnitReportReporter -->
<testsuite hostname="DESKTOP-I03OBAS" failures="0" tests="1" name="com.pod.pages.TC002_GetShipmentDetails" time="15.520" errors="0" timestamp="2023-10-04T12:39:19 IST" skipped="0">
  <testcase classname="com.pod.pages.TC002_GetShipmentDetails" name="getShipmentDetails" time="15.520"/>
  <system-out/>
</testsuite> <!-- com.pod.pages.TC002_GetShipmentDetails -->
