<?xml version="1.0" encoding="UTF-8"?>
<!-- Generated by org.testng.reporters.JUnitReportReporter -->
<testsuite hostname="DESKTOP-I03OBAS" failures="0" tests="1" name="com.generalstore.test.TC002ProductList" time="19.457" errors="0" timestamp="2023-07-04T16:44:53 IST" skipped="0">
  <testcase classname="com.generalstore.test.TC002ProductList" name="tc002AddProductToCart" time="19.457"/>
  <system-out/>
</testsuite> <!-- com.generalstore.test.TC002ProductList -->
