<?xml version="1.0" encoding="UTF-8"?>
<!-- Generated by org.testng.reporters.JUnitReportReporter -->
<testsuite hostname="DESKTOP-I03OBAS" failures="0" tests="1" name="com.pod.pages.GetShipmentDetails" time="15.859" errors="0" timestamp="2023-10-04T12:33:05 IST" skipped="0">
  <testcase classname="com.pod.pages.GetShipmentDetails" name="clickGetShipmentDetails" time="15.859"/>
  <system-out/>
</testsuite> <!-- com.pod.pages.GetShipmentDetails -->
