<?xml version="1.0" encoding="UTF-8"?>
<!-- Generated by org.testng.reporters.JUnitReportReporter -->
<testsuite hostname="DESKTOP-I03OBAS" failures="0" tests="1" name="com.test.appium.AppiumBasics" time="10.881" errors="0" timestamp="2023-06-05T15:27:15 IST" skipped="0">
  <testcase classname="com.test.appium.AppiumBasics" name="testAppium" time="10.881"/>
  <system-out/>
</testsuite> <!-- com.test.appium.AppiumBasics -->
