<?xml version="1.0" encoding="UTF-8"?>
<!-- Generated by org.testng.reporters.JUnitReportReporter -->
<testsuite hostname="DESKTOP-I03OBAS" failures="0" tests="1" name="com.k2forms.pages.CreateForm" time="0.320" errors="0" timestamp="2023-10-05T18:04:33 IST" skipped="0">
  <testcase classname="com.k2forms.pages.CreateForm" name="run" time="0.320"/>
  <system-out/>
</testsuite> <!-- com.k2forms.pages.CreateForm -->
