<?xml version="1.0" encoding="UTF-8"?>
<!-- Generated by org.testng.reporters.JUnitReportReporter -->
<testsuite hostname="DESKTOP-I03OBAS" failures="0" tests="1" name="com.pod.test.TC005_DamageReports" time="28.893" errors="0" timestamp="2023-10-30T12:40:55 IST" skipped="0">
  <testcase classname="com.pod.test.TC005_DamageReports" name="damageReports" time="28.893"/>
  <system-out/>
</testsuite> <!-- com.pod.test.TC005_DamageReports -->
