<?xml version="1.0" encoding="UTF-8"?>
<!-- Generated by org.testng.reporters.JUnitReportReporter -->
<testsuite hostname="DESKTOP-I03OBAS" failures="0" tests="1" name="com.pod.pages.Login" time="24.891" errors="0" timestamp="2023-10-04T11:55:24 IST" skipped="0">
  <testcase classname="com.pod.pages.Login" name="login" time="24.891"/>
  <system-out/>
</testsuite> <!-- com.pod.pages.Login -->
