<?xml version="1.0" encoding="UTF-8"?>
<!-- Generated by org.testng.reporters.JUnitReportReporter -->
<testsuite hostname="DESKTOP-I03OBAS" failures="0" tests="1" name="com.pod.test.TC008_AddShipment_StartShipment" time="180.576" errors="0" timestamp="2023-10-30T17:13:08 IST" skipped="0">
  <testcase classname="com.pod.test.TC008_AddShipment_StartShipment" name="addShipment_startShipment" time="180.576"/>
  <system-out/>
</testsuite> <!-- com.pod.test.TC008_AddShipment_StartShipment -->
