<?xml version="1.0" encoding="UTF-8"?>
<!-- Generated by org.testng.reporters.JUnitReportReporter -->
<testsuite hostname="DESKTOP-I03OBAS" failures="0" tests="1" name="com.pod.pages.TC005_DamageReports" time="20.448" errors="0" timestamp="2023-10-04T18:39:32 IST" skipped="0">
  <testcase classname="com.pod.pages.TC005_DamageReports" name="damageReports" time="20.448"/>
  <system-out/>
</testsuite> <!-- com.pod.pages.TC005_DamageReports -->
