<?xml version="1.0" encoding="UTF-8"?>
<!-- Generated by org.testng.reporters.JUnitReportReporter -->
<testsuite hostname="DESKTOP-I03OBAS" failures="0" tests="1" name="com.pod.test.TC003_StartShipment" time="110.915" errors="0" timestamp="2023-10-30T12:40:55 IST" skipped="0">
  <testcase classname="com.pod.test.TC003_StartShipment" name="startShipment" time="110.915"/>
  <system-out/>
</testsuite> <!-- com.pod.test.TC003_StartShipment -->
