<?xml version="1.0" encoding="UTF-8"?>
<!-- Generated by org.testng.reporters.JUnitReportReporter -->
<testsuite hostname="DESKTOP-I03OBAS" failures="0" tests="1" name="com.generalstore.test.TC001FillForm" time="19.863" errors="0" timestamp="2023-07-04T16:44:53 IST" skipped="0">
  <testcase classname="com.generalstore.test.TC001FillForm" name="tc001FillForm" time="19.863"/>
  <system-out/>
</testsuite> <!-- com.generalstore.test.TC001FillForm -->
