<?xml version="1.0" encoding="UTF-8"?>
<!-- Generated by org.testng.reporters.JUnitReportReporter -->
<testsuite hostname="DESKTOP-I03OBAS" failures="0" tests="1" name="com.test.appium.MobileGestures" time="7.236" errors="0" timestamp="2023-06-06T16:10:27 IST" skipped="0">
  <testcase classname="com.test.appium.MobileGestures" name="dragAndDrop" time="7.236"/>
  <system-out/>
</testsuite> <!-- com.test.appium.MobileGestures -->
