<?xml version="1.0" encoding="UTF-8"?>
<!-- Generated by org.testng.reporters.JUnitReportReporter -->
<testsuite hostname="DESKTOP-I03OBAS" failures="0" tests="1" name="com.test.appium.Exercise1" time="9.812" errors="0" timestamp="2023-06-06T18:35:47 IST" skipped="0">
  <testcase classname="com.test.appium.Exercise1" name="radioButtons" time="9.812"/>
  <system-out/>
</testsuite> <!-- com.test.appium.Exercise1 -->
