<?xml version="1.0" encoding="UTF-8"?>
<!-- Generated by org.testng.reporters.JUnitReportReporter -->
<testsuite hostname="DESKTOP-I03OBAS" failures="0" tests="1" name="com.pod.test.TC009_AddShipment_UnassignShipment" time="45.315" errors="0" timestamp="2023-10-30T17:13:08 IST" skipped="0">
  <testcase classname="com.pod.test.TC009_AddShipment_UnassignShipment" name="addShipment_UnassignShipment" time="45.315"/>
  <system-out/>
</testsuite> <!-- com.pod.test.TC009_AddShipment_UnassignShipment -->
