<?xml version="1.0" encoding="UTF-8"?>
<!-- Generated by org.testng.reporters.JUnitReportReporter -->
<testsuite hostname="DESKTOP-I03OBAS" failures="0" tests="1" name="com.test.appium.MiscActivities" time="25.219" errors="0" timestamp="2023-06-08T19:04:40 IST" skipped="0">
  <testcase classname="com.test.appium.MiscActivities" name="testAppium" time="25.219"/>
  <system-out/>
</testsuite> <!-- com.test.appium.MiscActivities -->
